[2024-09-30 08:51:52.257] [INFO ] [        Main        ] : open=0x00000000 (Main.java:23)
[2024-09-30 08:51:52.259] [INFO ] [        Main        ] : connected = true (Main.java:24)
[2024-09-30 08:51:52.921] [INFO ] [TaskManagementSystem] : 线程池和监控调度器已初始化。 (TaskManagementSystem.java:50)
[2024-09-30 08:51:52.931] [INFO ] [   SampleHandler    ] : SampleHandler 实例已创建。使用模拟模块: false (SampleHandler.java:64)
[2024-09-30 08:51:52.943] [INFO ] [  IncubatorManager  ] : IncubatorManager 实例已创建，容量: 150 (IncubatorManager.java:30)
[2024-09-30 08:51:52.944] [INFO ] [   BufferManager    ] : 初始化缓冲区，设置所有HoleType为0。 (BufferManager.java:37)
[2024-09-30 08:51:52.945] [INFO ] [   BufferManager    ] : 缓冲区初始化完成。 (BufferManager.java:51)
[2024-09-30 08:51:52.945] [INFO ] [   SignalManager    ] : 初始化 SignalManager。 (SignalManager.java:43)
[2024-09-30 08:51:52.945] [INFO ] [   SignalManager    ] : SignalManager 已初始化。 (SignalManager.java:48)
[2024-09-30 08:51:52.946] [INFO ] [   SampleHandler    ] : SampleHandler 已初始化。 (SampleHandler.java:102)
[2024-09-30 08:52:14.779] [INFO ] [     SampleRack     ] : SampleRack 实例已创建。手动模式: true (SampleHandler.java:507)
[2024-09-30 08:52:14.779] [INFO ] [   SampleHandler    ] : 手动创建了一个 SampleRack。 (SampleHandler.java:72)
[2024-09-30 08:52:14.779] [INFO ] [  HttpServerUtils   ] : isIncubatorShake = truetaskProjectType = -1 (HttpServerUtils.java:413)
[2024-09-30 08:52:14.781] [INFO ] [     SampleRack     ] : 在位置 1 创建了一个新的样本用于手动填充。 (SampleHandler.java:642)
[2024-09-30 08:52:14.781] [INFO ] [       Sample       ] : 添加项目阶段：No Dilution Phase，周期数：4，样本uniqueId：1 (Sample.java:186)
[2024-09-30 08:52:14.781] [INFO ] [       Sample       ] : 添加项目阶段：Incubation，周期数：1，样本uniqueId：1 (Sample.java:186)
[2024-09-30 08:52:14.781] [INFO ] [       Sample       ] : 添加项目阶段：Incubation Add Reagent 3，周期数：4，样本uniqueId：1 (Sample.java:186)
[2024-09-30 08:52:14.782] [INFO ] [       Sample       ] : 添加项目阶段：Incubation，周期数：2，样本uniqueId：1 (Sample.java:186)
[2024-09-30 08:52:14.782] [INFO ] [       Sample       ] : 添加项目阶段：Magnetic Separation，周期数：13，样本uniqueId：1 (Sample.java:186)
[2024-09-30 08:52:14.782] [INFO ] [       Sample       ] : 添加项目阶段：Incubation，周期数：2，样本uniqueId：1 (Sample.java:186)
[2024-09-30 08:52:14.782] [INFO ] [     SampleRack     ] : 在位置 1 手动填充了样本信息。 (SampleHandler.java:651)
[2024-09-30 08:52:14.782] [INFO ] [   SampleHandler    ] : 手动填充了位置 1 的样本信息。 (SampleHandler.java:88)
[2024-09-30 08:52:16.521] [INFO ] [     SampleRack     ] : SampleRack 实例已创建。手动模式: true (SampleHandler.java:507)
[2024-09-30 08:52:16.521] [INFO ] [   SampleHandler    ] : 手动创建了一个 SampleRack。 (SampleHandler.java:72)
[2024-09-30 08:52:16.521] [INFO ] [  HttpServerUtils   ] : isIncubatorShake = truetaskProjectType = -1 (HttpServerUtils.java:413)
[2024-09-30 08:52:16.522] [INFO ] [     SampleRack     ] : 在位置 2 创建了一个新的样本用于手动填充。 (SampleHandler.java:642)
[2024-09-30 08:52:16.522] [INFO ] [       Sample       ] : 添加项目阶段：No Dilution Phase，周期数：4，样本uniqueId：2 (Sample.java:186)
[2024-09-30 08:52:16.522] [INFO ] [       Sample       ] : 添加项目阶段：Incubation，周期数：1，样本uniqueId：2 (Sample.java:186)
[2024-09-30 08:52:16.522] [INFO ] [       Sample       ] : 添加项目阶段：Incubation Add Reagent 3，周期数：4，样本uniqueId：2 (Sample.java:186)
[2024-09-30 08:52:16.522] [INFO ] [       Sample       ] : 添加项目阶段：Incubation，周期数：2，样本uniqueId：2 (Sample.java:186)